<?xml version="1.0" encoding="UTF-8"?>
<!-- Generated by org.testng.reporters.JUnitXMLReporter -->
<testsuite ignored="0" hostname="shah4corp" failures="10" tests="31" name="Test" time="126.731" errors="0" timestamp="2025-07-14T23:30:45 IST">
  <testcase classname="tutorialsninja.register.TestCaseRegisterFunctionality010" name="@BeforeMethod setUp" time="4.198">
    <failure type="java.lang.NullPointerException" message="Cannot invoke &amp;quot;Object.hashCode()&amp;quot; because &amp;quot;key&amp;quot; is null">
      <![CDATA[java.lang.NullPointerException: Cannot invoke "Object.hashCode()" because "key" is null
at java.base/java.util.concurrent.ConcurrentHashMap.get(ConcurrentHashMap.java:936)
at java.base/java.util.Properties.getProperty(Properties.java:1147)
at tutorialsninja.register.TestCaseRegisterFunctionality010.setUp(TestCaseRegisterFunctionality010.java:27)
at java.base/java.util.concurrent.Executors$RunnableAdapter.call(Executors.java:572)
at java.base/java.util.concurrent.FutureTask.run(FutureTask.java:317)
at java.base/java.util.concurrent.ThreadPoolExecutor.runWorker(ThreadPoolExecutor.java:1144)
at java.base/java.util.concurrent.ThreadPoolExecutor$Worker.run(ThreadPoolExecutor.java:642)
at java.base/java.lang.Thread.run(Thread.java:1583)
... Removed 15 stack frames]]>
    </failure>
  </testcase> <!-- @BeforeMethod setUp -->
  <testcase classname="tutorialsninja.register.TestCaseRegisterFunctionality010" name="@AfterMethod tearDown" time="0.0">
    <skipped/>
  </testcase> <!-- @AfterMethod tearDown -->
  <testcase classname="tutorialsninja.register.TestCaseRegisterFunctionality012" name="@BeforeMethod setUp" time="3.163">
    <failure type="java.lang.NullPointerException" message="Cannot invoke &amp;quot;Object.hashCode()&amp;quot; because &amp;quot;key&amp;quot; is null">
      <![CDATA[java.lang.NullPointerException: Cannot invoke "Object.hashCode()" because "key" is null
at java.base/java.util.concurrent.ConcurrentHashMap.get(ConcurrentHashMap.java:936)
at java.base/java.util.Properties.getProperty(Properties.java:1147)
at tutorialsninja.register.TestCaseRegisterFunctionality012.setUp(TestCaseRegisterFunctionality012.java:28)
at java.base/java.util.concurrent.Executors$RunnableAdapter.call(Executors.java:572)
at java.base/java.util.concurrent.FutureTask.run(FutureTask.java:317)
at java.base/java.util.concurrent.ThreadPoolExecutor.runWorker(ThreadPoolExecutor.java:1144)
at java.base/java.util.concurrent.ThreadPoolExecutor$Worker.run(ThreadPoolExecutor.java:642)
at java.base/java.lang.Thread.run(Thread.java:1583)
... Removed 15 stack frames]]>
    </failure>
  </testcase> <!-- @BeforeMethod setUp -->
  <testcase classname="tutorialsninja.register.TestCaseRegisterFunctionality012" name="@AfterMethod tearDown" time="0.0">
    <skipped/>
  </testcase> <!-- @AfterMethod tearDown -->
  <testcase classname="tutorialsninja.register.TestCaseRegisterFunctionality018" name="@BeforeMethod setUp" time="5.787">
    <failure type="java.lang.NullPointerException" message="Cannot invoke &amp;quot;Object.hashCode()&amp;quot; because &amp;quot;key&amp;quot; is null">
      <![CDATA[java.lang.NullPointerException: Cannot invoke "Object.hashCode()" because "key" is null
at java.base/java.util.concurrent.ConcurrentHashMap.get(ConcurrentHashMap.java:936)
at java.base/java.util.Properties.getProperty(Properties.java:1147)
at tutorialsninja.register.TestCaseRegisterFunctionality018.setUp(TestCaseRegisterFunctionality018.java:33)
at java.base/java.util.concurrent.Executors$RunnableAdapter.call(Executors.java:572)
at java.base/java.util.concurrent.FutureTask.run(FutureTask.java:317)
at java.base/java.util.concurrent.ThreadPoolExecutor.runWorker(ThreadPoolExecutor.java:1144)
at java.base/java.util.concurrent.ThreadPoolExecutor$Worker.run(ThreadPoolExecutor.java:642)
at java.base/java.lang.Thread.run(Thread.java:1583)
... Removed 15 stack frames]]>
    </failure>
  </testcase> <!-- @BeforeMethod setUp -->
  <testcase classname="tutorialsninja.register.TestCaseRegisterFunctionality018" name="@AfterMethod tearDown" time="0.0">
    <skipped/>
  </testcase> <!-- @AfterMethod tearDown -->
  <testcase classname="tutorialsninja.register.TestCaseRegisterFunctionality026" name="@BeforeMethod setUp" time="4.793">
    <failure type="java.lang.NullPointerException">
      <![CDATA[java.lang.NullPointerException
]]>
    </failure>
  </testcase> <!-- @BeforeMethod setUp -->
  <testcase classname="tutorialsninja.register.TestCaseRegisterFunctionality026" name="@AfterMethod tearDown" time="0.0">
    <skipped/>
  </testcase> <!-- @AfterMethod tearDown -->
  <testcase classname="tutorialsninja.register.TestCaseRegisterFunctionality004" name="verifyRegistringAccountWithoutFillFields" time="2.094"/>
  <testcase classname="tutorialsninja.register.TestCaseRegisterFunctionality001" name="verifyRegisteringWithMandatoyFields" time="8.003"/>
  <testcase classname="tutorialsninja.register.TestCaseRegisterFunctionality006" name="verifyRegisteringAccountBySayingNoToNewsletter" time="7.756"/>
  <testcase classname="tutorialsninja.register.TestCaseRegisterFunctionality005" name="verifyRegisteringAccountBySubscribingToNewsletter" time="11.824">
    <failure type="org.openqa.selenium.NoSuchElementException" message="no such element: Unable to locate element: {&amp;quot;method&amp;quot;:&amp;quot;link text&amp;quot;,&amp;quot;selector&amp;quot;:&amp;quot;Continue&amp;quot;}
  (Session info: chrome=138.0.7204.101)
For documentation on this error, please visit: https://www.selenium.dev/documentation/webdriver/troubleshooting/errors#no-such-element-exception
Build info: version: &amp;apos;4.33.0&amp;apos;, revision: &amp;apos;2c6aaad03a&amp;apos;
System info: os.name: &amp;apos;Windows 11&amp;apos;, os.arch: &amp;apos;amd64&amp;apos;, os.version: &amp;apos;10.0&amp;apos;, java.version: &amp;apos;21.0.4&amp;apos;
Driver info: org.openqa.selenium.chrome.ChromeDriver
Command: [2415eb3f8893f78cda381fecbd3a08c5, findElement {using=link text, value=Continue}]
Capabilities {acceptInsecureCerts: false, browserName: chrome, browserVersion: 138.0.7204.101, chrome: {chromedriverVersion: 138.0.7204.94 (545025748884..., userDataDir: C:\Users\shah4\AppData\Loca...}, fedcm:accounts: true, goog:chromeOptions: {debuggerAddress: localhost:53029}, networkConnectionEnabled: false, pageLoadStrategy: normal, platformName: windows, proxy: Proxy(), se:cdp: ws://localhost:53029/devtoo..., se:cdpVersion: 138.0.7204.101, setWindowRect: true, strictFileInteractability: false, timeouts: {implicit: 0, pageLoad: 300000, script: 30000}, unhandledPromptBehavior: dismiss and notify, webauthn:extension:credBlob: true, webauthn:extension:largeBlob: true, webauthn:extension:minPinLength: true, webauthn:extension:prf: true, webauthn:virtualAuthenticators: true}
Session ID: 2415eb3f8893f78cda381fecbd3a08c5">
      <![CDATA[org.openqa.selenium.NoSuchElementException: no such element: Unable to locate element: {"method":"link text","selector":"Continue"}
  (Session info: chrome=138.0.7204.101)
For documentation on this error, please visit: https://www.selenium.dev/documentation/webdriver/troubleshooting/errors#no-such-element-exception
Build info: version: '4.33.0', revision: '2c6aaad03a'
System info: os.name: 'Windows 11', os.arch: 'amd64', os.version: '10.0', java.version: '21.0.4'
Driver info: org.openqa.selenium.chrome.ChromeDriver
Command: [2415eb3f8893f78cda381fecbd3a08c5, findElement {using=link text, value=Continue}]
Capabilities {acceptInsecureCerts: false, browserName: chrome, browserVersion: 138.0.7204.101, chrome: {chromedriverVersion: 138.0.7204.94 (545025748884..., userDataDir: C:\Users\shah4\AppData\Loca...}, fedcm:accounts: true, goog:chromeOptions: {debuggerAddress: localhost:53029}, networkConnectionEnabled: false, pageLoadStrategy: normal, platformName: windows, proxy: Proxy(), se:cdp: ws://localhost:53029/devtoo..., se:cdpVersion: 138.0.7204.101, setWindowRect: true, strictFileInteractability: false, timeouts: {implicit: 0, pageLoad: 300000, script: 30000}, unhandledPromptBehavior: dismiss and notify, webauthn:extension:credBlob: true, webauthn:extension:largeBlob: true, webauthn:extension:minPinLength: true, webauthn:extension:prf: true, webauthn:virtualAuthenticators: true}
Session ID: 2415eb3f8893f78cda381fecbd3a08c5
at org.openqa.selenium.remote.ErrorCodec.decode(ErrorCodec.java:167)
at org.openqa.selenium.remote.codec.w3c.W3CHttpResponseCodec.decode(W3CHttpResponseCodec.java:138)
at org.openqa.selenium.remote.codec.w3c.W3CHttpResponseCodec.decode(W3CHttpResponseCodec.java:50)
at org.openqa.selenium.remote.HttpCommandExecutor.execute(HttpCommandExecutor.java:215)
at org.openqa.selenium.remote.service.DriverCommandExecutor.invokeExecute(DriverCommandExecutor.java:216)
at org.openqa.selenium.remote.service.DriverCommandExecutor.execute(DriverCommandExecutor.java:174)
at org.openqa.selenium.remote.RemoteWebDriver.execute(RemoteWebDriver.java:544)
at org.openqa.selenium.remote.ElementLocation$ElementFinder$2.findElement(ElementLocation.java:165)
at org.openqa.selenium.remote.ElementLocation.findElement(ElementLocation.java:59)
at org.openqa.selenium.remote.RemoteWebDriver.findElement(RemoteWebDriver.java:367)
at org.openqa.selenium.remote.RemoteWebDriver.findElement(RemoteWebDriver.java:361)
at tutorialsninja.register.TestCaseRegisterFunctionality005.verifyRegisteringAccountBySubscribingToNewsletter(TestCaseRegisterFunctionality005.java:49)
at java.base/java.util.concurrent.Executors$RunnableAdapter.call(Executors.java:572)
at java.base/java.util.concurrent.FutureTask.run(FutureTask.java:317)
at java.base/java.util.concurrent.ThreadPoolExecutor.runWorker(ThreadPoolExecutor.java:1144)
at java.base/java.util.concurrent.ThreadPoolExecutor$Worker.run(ThreadPoolExecutor.java:642)
at java.base/java.lang.Thread.run(Thread.java:1583)
... Removed 14 stack frames]]>
    </failure>
  </testcase> <!-- verifyRegisteringAccountBySubscribingToNewsletter -->
  <testcase classname="tutorialsninja.register.TestCaseRegisterFunctionality002" name="verifyRegisteringWithAllFields" time="10.939">
    <failure type="org.openqa.selenium.NoSuchElementException" message="no such element: Unable to locate element: {&amp;quot;method&amp;quot;:&amp;quot;link text&amp;quot;,&amp;quot;selector&amp;quot;:&amp;quot;Logout&amp;quot;}
  (Session info: chrome=138.0.7204.101)
For documentation on this error, please visit: https://www.selenium.dev/documentation/webdriver/troubleshooting/errors#no-such-element-exception
Build info: version: &amp;apos;4.33.0&amp;apos;, revision: &amp;apos;2c6aaad03a&amp;apos;
System info: os.name: &amp;apos;Windows 11&amp;apos;, os.arch: &amp;apos;amd64&amp;apos;, os.version: &amp;apos;10.0&amp;apos;, java.version: &amp;apos;21.0.4&amp;apos;
Driver info: org.openqa.selenium.chrome.ChromeDriver
Command: [f593d231d32cebefbe62ab943f2bcd6e, findElement {using=link text, value=Logout}]
Capabilities {acceptInsecureCerts: false, browserName: chrome, browserVersion: 138.0.7204.101, chrome: {chromedriverVersion: 138.0.7204.94 (545025748884..., userDataDir: C:\Users\shah4\AppData\Loca...}, fedcm:accounts: true, goog:chromeOptions: {debuggerAddress: localhost:53074}, networkConnectionEnabled: false, pageLoadStrategy: normal, platformName: windows, proxy: Proxy(), se:cdp: ws://localhost:53074/devtoo..., se:cdpVersion: 138.0.7204.101, setWindowRect: true, strictFileInteractability: false, timeouts: {implicit: 0, pageLoad: 300000, script: 30000}, unhandledPromptBehavior: dismiss and notify, webauthn:extension:credBlob: true, webauthn:extension:largeBlob: true, webauthn:extension:minPinLength: true, webauthn:extension:prf: true, webauthn:virtualAuthenticators: true}
Session ID: f593d231d32cebefbe62ab943f2bcd6e">
      <![CDATA[org.openqa.selenium.NoSuchElementException: no such element: Unable to locate element: {"method":"link text","selector":"Logout"}
  (Session info: chrome=138.0.7204.101)
For documentation on this error, please visit: https://www.selenium.dev/documentation/webdriver/troubleshooting/errors#no-such-element-exception
Build info: version: '4.33.0', revision: '2c6aaad03a'
System info: os.name: 'Windows 11', os.arch: 'amd64', os.version: '10.0', java.version: '21.0.4'
Driver info: org.openqa.selenium.chrome.ChromeDriver
Command: [f593d231d32cebefbe62ab943f2bcd6e, findElement {using=link text, value=Logout}]
Capabilities {acceptInsecureCerts: false, browserName: chrome, browserVersion: 138.0.7204.101, chrome: {chromedriverVersion: 138.0.7204.94 (545025748884..., userDataDir: C:\Users\shah4\AppData\Loca...}, fedcm:accounts: true, goog:chromeOptions: {debuggerAddress: localhost:53074}, networkConnectionEnabled: false, pageLoadStrategy: normal, platformName: windows, proxy: Proxy(), se:cdp: ws://localhost:53074/devtoo..., se:cdpVersion: 138.0.7204.101, setWindowRect: true, strictFileInteractability: false, timeouts: {implicit: 0, pageLoad: 300000, script: 30000}, unhandledPromptBehavior: dismiss and notify, webauthn:extension:credBlob: true, webauthn:extension:largeBlob: true, webauthn:extension:minPinLength: true, webauthn:extension:prf: true, webauthn:virtualAuthenticators: true}
Session ID: f593d231d32cebefbe62ab943f2bcd6e
at org.openqa.selenium.remote.ErrorCodec.decode(ErrorCodec.java:167)
at org.openqa.selenium.remote.codec.w3c.W3CHttpResponseCodec.decode(W3CHttpResponseCodec.java:138)
at org.openqa.selenium.remote.codec.w3c.W3CHttpResponseCodec.decode(W3CHttpResponseCodec.java:50)
at org.openqa.selenium.remote.HttpCommandExecutor.execute(HttpCommandExecutor.java:215)
at org.openqa.selenium.remote.service.DriverCommandExecutor.invokeExecute(DriverCommandExecutor.java:216)
at org.openqa.selenium.remote.service.DriverCommandExecutor.execute(DriverCommandExecutor.java:174)
at org.openqa.selenium.remote.RemoteWebDriver.execute(RemoteWebDriver.java:544)
at org.openqa.selenium.remote.ElementLocation$ElementFinder$2.findElement(ElementLocation.java:165)
at org.openqa.selenium.remote.ElementLocation.findElement(ElementLocation.java:59)
at org.openqa.selenium.remote.RemoteWebDriver.findElement(RemoteWebDriver.java:367)
at org.openqa.selenium.remote.RemoteWebDriver.findElement(RemoteWebDriver.java:361)
at tutorialsninja.register.TestCaseRegisterFunctionality002.verifyRegisteringWithAllFields(TestCaseRegisterFunctionality002.java:48)
at java.base/java.util.concurrent.Executors$RunnableAdapter.call(Executors.java:572)
at java.base/java.util.concurrent.FutureTask.run(FutureTask.java:317)
at java.base/java.util.concurrent.ThreadPoolExecutor.runWorker(ThreadPoolExecutor.java:1144)
at java.base/java.util.concurrent.ThreadPoolExecutor$Worker.run(ThreadPoolExecutor.java:642)
at java.base/java.lang.Thread.run(Thread.java:1583)
... Removed 14 stack frames]]>
    </failure>
  </testcase> <!-- verifyRegisteringWithAllFields -->
  <testcase classname="tutorialsninja.register.TestCaseRegisterFunctionality009" name="verifyRegistringAccountUsingExistingEmail" time="0.143">
    <failure type="java.lang.NullPointerException" message="Cannot invoke &amp;quot;java.util.Properties.getProperty(String)&amp;quot; because &amp;quot;this.prop&amp;quot; is null">
      <![CDATA[java.lang.NullPointerException: Cannot invoke "java.util.Properties.getProperty(String)" because "this.prop" is null
at tutorialsninja.register.TestCaseRegisterFunctionality009.verifyRegistringAccountUsingExistingEmail(TestCaseRegisterFunctionality009.java:39)
at java.base/java.util.concurrent.Executors$RunnableAdapter.call(Executors.java:572)
at java.base/java.util.concurrent.FutureTask.run(FutureTask.java:317)
at java.base/java.util.concurrent.ThreadPoolExecutor.runWorker(ThreadPoolExecutor.java:1144)
at java.base/java.util.concurrent.ThreadPoolExecutor$Worker.run(ThreadPoolExecutor.java:642)
at java.base/java.lang.Thread.run(Thread.java:1583)
... Removed 11 stack frames]]>
    </failure>
  </testcase> <!-- verifyRegistringAccountUsingExistingEmail -->
  <testcase classname="tutorialsninja.register.TestCaseRegisterFunctionality010" name="verifyRegisteringUsingInvalidEmailPlusOffline" time="0.0">
    <skipped/>
  </testcase> <!-- verifyRegisteringUsingInvalidEmailPlusOffline -->
  <testcase classname="tutorialsninja.register.TestCaseRegisterFunctionality007" name="verifyNavigatingToRegisterAccountUsingMultipleWay" time="6.929"/>
  <testcase classname="tutorialsninja.register.TestCaseRegisterFunctionality012" name="verifyRegisteringAccountUsingKeyboardKeys" time="0.001">
    <skipped/>
  </testcase> <!-- verifyRegisteringAccountUsingKeyboardKeys -->
  <testcase classname="tutorialsninja.register.TestCaseRegisterFunctionality008" name="verifyRegisteringAccountByProvidingMismatchingPasswords" time="7.239"/>
  <testcase classname="tutorialsninja.register.TestCaseRegisterFunctionality013" name="verifyPlaceHoldersOfTextFieldsInRegisterAccountPage" time="1.2"/>
  <testcase classname="tutorialsninja.register.TestCaseRegisterFunctionality014" name="verifyMandatoryFieldsSymbolAndColorInRegisterAccountPage" time="0.703"/>
  <testcase classname="tutorialsninja.register.TestCaseRegisterFunctionality018" name="verifyRegisteringAccountFieldsHeightWidthAligment" time="0.0">
    <skipped/>
  </testcase> <!-- verifyRegisteringAccountFieldsHeightWidthAligment -->
  <testcase classname="tutorialsninja.register.TestCaseRegisterFunctionality011" name="verifyRegisterAccountByProvidingInvalidTelephoneNumber" time="14.299">
    <failure type="java.lang.AssertionError" message="expected [true] but found [false]">
      <![CDATA[java.lang.AssertionError: expected [true] but found [false]
at tutorialsninja.register.TestCaseRegisterFunctionality011.verifyRegisterAccountByProvidingInvalidTelephoneNumber(TestCaseRegisterFunctionality011.java:64)
at java.base/java.util.concurrent.Executors$RunnableAdapter.call(Executors.java:572)
at java.base/java.util.concurrent.FutureTask.run(FutureTask.java:317)
at java.base/java.util.concurrent.ThreadPoolExecutor.runWorker(ThreadPoolExecutor.java:1144)
at java.base/java.util.concurrent.ThreadPoolExecutor$Worker.run(ThreadPoolExecutor.java:642)
at java.base/java.lang.Thread.run(Thread.java:1583)
... Removed 15 stack frames]]>
    </failure>
  </testcase> <!-- verifyRegisterAccountByProvidingInvalidTelephoneNumber -->
  <testcase classname="tutorialsninja.register.TestCaseRegisterFunctionality016" name="verifyRegisteringAccountWithOnlySpaces" time="7.635"/>
  <testcase classname="tutorialsninja.register.TestCaseRegisterFunctionality017" name="verifyRegisteringAccountAndCheckingPasswordComplexityStandards" time="11.314">
    <failure type="java.lang.AssertionError" message="expected [true] but found [false]">
      <![CDATA[java.lang.AssertionError: expected [true] but found [false]
at tutorialsninja.register.TestCaseRegisterFunctionality017.verifyRegisteringAccountAndCheckingPasswordComplexityStandards(TestCaseRegisterFunctionality017.java:63)
at java.base/java.util.concurrent.Executors$RunnableAdapter.call(Executors.java:572)
at java.base/java.util.concurrent.FutureTask.run(FutureTask.java:317)
at java.base/java.util.concurrent.ThreadPoolExecutor.runWorker(ThreadPoolExecutor.java:1144)
at java.base/java.util.concurrent.ThreadPoolExecutor$Worker.run(ThreadPoolExecutor.java:642)
at java.base/java.lang.Thread.run(Thread.java:1583)
... Removed 15 stack frames]]>
    </failure>
  </testcase> <!-- verifyRegisteringAccountAndCheckingPasswordComplexityStandards -->
  <testcase classname="tutorialsninja.register.TestCaseRegisterFunctionality020" name="verifyPrivacyPolicyFieldOnRegisterAccountPage" time="0.501"/>
  <testcase classname="tutorialsninja.register.TestCaseRegisterFunctionality019" name="verifyLeadingAndTrailingSpacesWhileRegisteringAccount" time="8.818">
    <failure type="java.lang.AssertionError" message="The following asserts failed:
	expected [Arun] but found [        Arun     ],
	expected [Motoori] but found [        Motoori     ],
	expected [1234567890] but found [        1234567890     ]">
      <![CDATA[java.lang.AssertionError: The following asserts failed:
expected [Arun] but found [        Arun     ],
expected [Motoori] but found [        Motoori     ],
expected [1234567890] but found [        1234567890     ]
at tutorialsninja.register.TestCaseRegisterFunctionality019.verifyLeadingAndTrailingSpacesWhileRegisteringAccount(TestCaseRegisterFunctionality019.java:62)
at java.base/java.util.concurrent.Executors$RunnableAdapter.call(Executors.java:572)
at java.base/java.util.concurrent.FutureTask.run(FutureTask.java:317)
at java.base/java.util.concurrent.ThreadPoolExecutor.runWorker(ThreadPoolExecutor.java:1144)
at java.base/java.util.concurrent.ThreadPoolExecutor$Worker.run(ThreadPoolExecutor.java:642)
at java.base/java.lang.Thread.run(Thread.java:1583)
... Removed 13 stack frames]]>
    </failure>
  </testcase> <!-- verifyLeadingAndTrailingSpacesWhileRegisteringAccount -->
  <testcase classname="tutorialsninja.register.TestCaseRegisterFunctionality022" name="verifyVisibiltyTogglineOfPasswordsFieldsOnRegisterAccount" time="0.542"/>
  <testcase classname="tutorialsninja.register.TestCaseRegisterFunctionality021" name="verifyRegisteringAccountWithoutPrivacyPolicySelection" time="7.379"/>
  <testcase classname="tutorialsninja.register.TestCaseRegisterFunctionality025" name="verifyBreadcrumbURLHeadingTitleOfRegisterAccountPage" time="0.365"/>
  <testcase classname="tutorialsninja.register.TestCaseRegisterFunctionality026" name="verifyUIOfRegisterAccountPage" time="0.0">
    <skipped/>
  </testcase> <!-- verifyUIOfRegisterAccountPage -->
  <testcase classname="tutorialsninja.register.TestCaseRegisterFunctionality024" name="verifyRegisteringAccountWithoutEnteringPasswordIntoPasswordConfirmField" time="7.846"/>
  <testcase classname="tutorialsninja.register.TestCaseRegisterFunctionality017" name="verifyRegisteringAccountAndCheckingPasswordComplexityStandards" time="13.305">
    <failure type="java.lang.AssertionError" message="expected [true] but found [false]">
      <![CDATA[java.lang.AssertionError: expected [true] but found [false]
at tutorialsninja.register.TestCaseRegisterFunctionality017.verifyRegisteringAccountAndCheckingPasswordComplexityStandards(TestCaseRegisterFunctionality017.java:63)
at java.base/java.util.concurrent.Executors$RunnableAdapter.call(Executors.java:572)
at java.base/java.util.concurrent.FutureTask.run(FutureTask.java:317)
at java.base/java.util.concurrent.ThreadPoolExecutor.runWorker(ThreadPoolExecutor.java:1144)
at java.base/java.util.concurrent.ThreadPoolExecutor$Worker.run(ThreadPoolExecutor.java:642)
at java.base/java.lang.Thread.run(Thread.java:1583)
... Removed 15 stack frames]]>
    </failure>
  </testcase> <!-- verifyRegisteringAccountAndCheckingPasswordComplexityStandards -->
  <testcase classname="tutorialsninja.register.TestCaseRegisterFunctionality027SingleBrowser" name="verifyRegisteringAccountInDifferentTestEnvironments" time="9.677"/>
  <testcase classname="tutorialsninja.register.TestCaseRegisterFunctionality027" name="verifyRegisteringAccountInDifferentTestEnvironments" time="13.822"/>
  <testcase classname="tutorialsninja.register.TestCaseRegisterFunctionality027" name="verifyRegisteringAccountInDifferentTestEnvironments" time="2.953"/>
  <testcase classname="tutorialsninja.register.TestCaseRegisterFunctionality017" name="verifyRegisteringAccountAndCheckingPasswordComplexityStandards" time="8.303">
    <failure type="java.lang.AssertionError" message="expected [true] but found [false]">
      <![CDATA[java.lang.AssertionError: expected [true] but found [false]
at tutorialsninja.register.TestCaseRegisterFunctionality017.verifyRegisteringAccountAndCheckingPasswordComplexityStandards(TestCaseRegisterFunctionality017.java:63)
at java.base/java.util.concurrent.Executors$RunnableAdapter.call(Executors.java:572)
at java.base/java.util.concurrent.FutureTask.run(FutureTask.java:317)
at java.base/java.util.concurrent.ThreadPoolExecutor.runWorker(ThreadPoolExecutor.java:1144)
at java.base/java.util.concurrent.ThreadPoolExecutor$Worker.run(ThreadPoolExecutor.java:642)
at java.base/java.lang.Thread.run(Thread.java:1583)
... Removed 15 stack frames]]>
    </failure>
  </testcase> <!-- verifyRegisteringAccountAndCheckingPasswordComplexityStandards -->
  <testcase classname="tutorialsninja.register.TestCaseRegisterFunctionality027" name="verifyRegisteringAccountInDifferentTestEnvironments" time="5.276"/>
  <testcase classname="tutorialsninja.register.TestCaseRegisterFunctionality017" name="verifyRegisteringAccountAndCheckingPasswordComplexityStandards" time="8.727">
    <failure type="java.lang.AssertionError" message="expected [true] but found [false]">
      <![CDATA[java.lang.AssertionError: expected [true] but found [false]
at tutorialsninja.register.TestCaseRegisterFunctionality017.verifyRegisteringAccountAndCheckingPasswordComplexityStandards(TestCaseRegisterFunctionality017.java:63)
at java.base/java.util.concurrent.Executors$RunnableAdapter.call(Executors.java:572)
at java.base/java.util.concurrent.FutureTask.run(FutureTask.java:317)
at java.base/java.util.concurrent.ThreadPoolExecutor.runWorker(ThreadPoolExecutor.java:1144)
at java.base/java.util.concurrent.ThreadPoolExecutor$Worker.run(ThreadPoolExecutor.java:642)
at java.base/java.lang.Thread.run(Thread.java:1583)
... Removed 15 stack frames]]>
    </failure>
  </testcase> <!-- verifyRegisteringAccountAndCheckingPasswordComplexityStandards -->
  <testcase classname="tutorialsninja.register.TestCaseRegisterFunctionality017" name="verifyRegisteringAccountAndCheckingPasswordComplexityStandards" time="7.649">
    <failure type="java.lang.AssertionError" message="expected [true] but found [false]">
      <![CDATA[java.lang.AssertionError: expected [true] but found [false]
at tutorialsninja.register.TestCaseRegisterFunctionality017.verifyRegisteringAccountAndCheckingPasswordComplexityStandards(TestCaseRegisterFunctionality017.java:63)
at java.base/java.util.concurrent.Executors$RunnableAdapter.call(Executors.java:572)
at java.base/java.util.concurrent.FutureTask.run(FutureTask.java:317)
at java.base/java.util.concurrent.ThreadPoolExecutor.runWorker(ThreadPoolExecutor.java:1144)
at java.base/java.util.concurrent.ThreadPoolExecutor$Worker.run(ThreadPoolExecutor.java:642)
at java.base/java.lang.Thread.run(Thread.java:1583)
... Removed 15 stack frames]]>
    </failure>
  </testcase> <!-- verifyRegisteringAccountAndCheckingPasswordComplexityStandards -->
</testsuite> <!-- Test -->
