<?xml version="1.0" encoding="UTF-8"?>
<testng-results ignored="0" total="1" passed="1" failed="0" skipped="0">
  <reporter-output>
  </reporter-output>
  <suite started-at="2025-07-06T21:01:42 IST" name="Default suite" finished-at="2025-07-06T21:01:47 IST" duration-ms="4846">
    <groups>
    </groups>
    <test started-at="2025-07-06T21:01:42 IST" name="Default test" finished-at="2025-07-06T21:01:47 IST" duration-ms="4846">
      <class name="tutorialsninja.register.TestCaseRegisterFunctionality022">
        <test-method signature="verifyVisibiltyTogglineOfPasswordsFieldsOnRegisterAccount()[pri:0, instance:tutorialsninja.register.TestCaseRegisterFunctionality022@35d019a3]" started-at="2025-07-06T21:01:42 IST" name="verifyVisibiltyTogglineOfPasswordsFieldsOnRegisterAccount" finished-at="2025-07-06T21:01:47 IST" duration-ms="4753" status="PASS">
          <reporter-output>
          </reporter-output>
        </test-method> <!-- verifyVisibiltyTogglineOfPasswordsFieldsOnRegisterAccount -->
      </class> <!-- tutorialsninja.register.TestCaseRegisterFunctionality022 -->
    </test> <!-- Default test -->
  </suite> <!-- Default suite -->
</testng-results>
