<?xml version="1.0" encoding="UTF-8"?>
<testng-results ignored="0" total="1" passed="1" failed="0" skipped="0">
  <reporter-output>
  </reporter-output>
  <suite started-at="2025-07-30T20:58:50 IST" name="Default suite" finished-at="2025-07-30T20:58:56 IST" duration-ms="6240">
    <groups>
    </groups>
    <test started-at="2025-07-30T20:58:50 IST" name="Default test" finished-at="2025-07-30T20:58:56 IST" duration-ms="6240">
      <class name="tutorialsninja.register.TestCaseRegisterFunctionality001">
        <test-method is-config="true" signature="setUp()[pri:0, instance:tutorialsninja.register.TestCaseRegisterFunctionality001@7c7b252e]" started-at="2025-07-30T20:58:50 IST" name="setUp" finished-at="2025-07-30T20:58:54 IST" duration-ms="3933" status="PASS">
          <reporter-output>
          </reporter-output>
        </test-method> <!-- setUp -->
        <test-method signature="verifyRegisteringWithMandatoyFields()[pri:0, instance:tutorialsninja.register.TestCaseRegisterFunctionality001@7c7b252e]" started-at="2025-07-30T20:58:54 IST" name="verifyRegisteringWithMandatoyFields" finished-at="2025-07-30T20:58:56 IST" duration-ms="1977" status="PASS">
          <reporter-output>
          </reporter-output>
        </test-method> <!-- verifyRegisteringWithMandatoyFields -->
        <test-method is-config="true" signature="tearDown()[pri:0, instance:tutorialsninja.register.TestCaseRegisterFunctionality001@7c7b252e]" started-at="2025-07-30T20:58:56 IST" name="tearDown" finished-at="2025-07-30T20:58:56 IST" duration-ms="276" status="PASS">
          <reporter-output>
          </reporter-output>
        </test-method> <!-- tearDown -->
      </class> <!-- tutorialsninja.register.TestCaseRegisterFunctionality001 -->
    </test> <!-- Default test -->
  </suite> <!-- Default suite -->
</testng-results>
